[INFO ] 2023-07-29 21:48:38.411 [main] TC_001_AccountRegistrationTest - ****Accont registartion started******
[INFO ] 2023-07-29 21:48:41.664 [main] TC_001_AccountRegistrationTest - ****Accont craetion page started******
[INFO ] 2023-07-29 21:48:44.566 [main] TC_001_AccountRegistrationTest - ****dropdown list selected******
[INFO ] 2023-07-29 21:48:45.498 [main] TC_001_AccountRegistrationTest - ****craet button clicked******
[INFO ] 2023-07-29 21:48:48.924 [main] TC_001_AccountRegistrationTest - ****comparizion started******
[INFO ] 2023-07-29 21:51:14.417 [main] TC_001_AccountRegistrationTest - ****Accont registartion started******
[INFO ] 2023-07-29 21:51:17.741 [main] TC_001_AccountRegistrationTest - ****Accont craetion page started******
[INFO ] 2023-07-29 21:51:21.004 [main] TC_001_AccountRegistrationTest - ****dropdown list selected******
[INFO ] 2023-07-29 21:51:21.803 [main] TC_001_AccountRegistrationTest - ****craet button clicked******
[INFO ] 2023-07-29 21:51:25.027 [main] TC_001_AccountRegistrationTest - ****comparizion started******
[INFO ] 2023-07-29 22:03:20.839 [main] TC_001_AccountRegistrationTest - ****Accont registartion started******
[INFO ] 2023-07-29 22:03:22.733 [main] TC_001_AccountRegistrationTest - ****Accont craetion page started******
[INFO ] 2023-07-29 22:03:25.657 [main] TC_001_AccountRegistrationTest - ****dropdown list selected******
[INFO ] 2023-07-29 22:03:27.485 [main] TC_001_AccountRegistrationTest - ****craet button clicked******
[INFO ] 2023-07-29 22:03:30.704 [main] TC_001_AccountRegistrationTest - ****comparizion started******
[INFO ] 2023-07-29 22:05:09.418 [main] TC_001_AccountRegistrationTest - ****Accont registartion started******
[INFO ] 2023-07-29 22:05:11.665 [main] TC_001_AccountRegistrationTest - ****Accont craetion page started******
[INFO ] 2023-07-29 22:05:14.670 [main] TC_001_AccountRegistrationTest - ****dropdown list selected******
[INFO ] 2023-07-29 22:05:15.613 [main] TC_001_AccountRegistrationTest - ****craet button clicked******
[INFO ] 2023-07-29 22:05:18.534 [main] TC_001_AccountRegistrationTest - ****comparizion started******
[INFO ] 2023-07-29 22:07:01.333 [main] TC_001_AccountRegistrationTest - ****Accont registartion started******
[INFO ] 2023-07-29 22:07:04.080 [main] TC_001_AccountRegistrationTest - ****Accont craetion page started******
[INFO ] 2023-07-29 22:07:07.659 [main] TC_001_AccountRegistrationTest - ****dropdown list selected******
[INFO ] 2023-07-29 22:07:08.577 [main] TC_001_AccountRegistrationTest - ****craet button clicked******
[INFO ] 2023-07-29 22:07:17.152 [main] TC_001_AccountRegistrationTest - ****comparizion started******
[INFO ] 2023-07-29 22:09:47.445 [main] TC_001_AccountRegistrationTest - ****Accont registartion started******
[INFO ] 2023-07-29 22:09:51.328 [main] TC_001_AccountRegistrationTest - ****Accont craetion page started******
[INFO ] 2023-07-29 22:09:54.248 [main] TC_001_AccountRegistrationTest - ****dropdown list selected******
[INFO ] 2023-07-29 22:09:55.074 [main] TC_001_AccountRegistrationTest - ****craet button clicked******
[INFO ] 2023-07-29 22:09:57.764 [main] TC_001_AccountRegistrationTest - ****comparizion started******
[INFO ] 2023-07-29 22:20:57.926 [main] TC_001_AccountRegistrationTest - ****Accont registartion started******
[INFO ] 2023-07-29 22:21:01.188 [main] TC_001_AccountRegistrationTest - ****Accont craetion page started******
[INFO ] 2023-07-29 22:21:04.649 [main] TC_001_AccountRegistrationTest - ****dropdown list selected******
[INFO ] 2023-07-29 22:21:05.727 [main] TC_001_AccountRegistrationTest - ****craet button clicked******
[INFO ] 2023-07-29 22:21:08.429 [main] TC_001_AccountRegistrationTest - ****comparizion started******
[INFO ] 2023-07-29 22:29:04.670 [main] TC_001_AccountRegistrationTest - ****Accont registartion started******
[INFO ] 2023-07-29 22:29:07.163 [main] TC_001_AccountRegistrationTest - ****Accont craetion page started******
[INFO ] 2023-07-29 22:29:09.976 [main] TC_001_AccountRegistrationTest - ****dropdown list selected******
[INFO ] 2023-07-29 22:29:11.005 [main] TC_001_AccountRegistrationTest - ****craet button clicked******
[INFO ] 2023-07-29 22:29:14.729 [main] TC_001_AccountRegistrationTest - ****comparizion started******
