[INFO ] 2023-07-30 07:25:04.405 [main] TC_001_AccountRegistrationTest - ****Accont registartion started******
[INFO ] 2023-07-30 07:25:05.798 [main] TC_001_AccountRegistrationTest - ****Accont craetion page started******
[INFO ] 2023-07-30 07:25:08.719 [main] TC_001_AccountRegistrationTest - ****dropdown list selected******
[INFO ] 2023-07-30 07:25:09.598 [main] TC_001_AccountRegistrationTest - ****craet button clicked******
[INFO ] 2023-07-30 07:25:12.806 [main] TC_001_AccountRegistrationTest - ****comparizion started******
[INFO ] 2023-07-30 07:33:35.346 [main] TC_001_AccountRegistrationTest - ****Accont registartion started******
[INFO ] 2023-07-30 07:33:37.644 [main] TC_001_AccountRegistrationTest - ****Accont craetion page started******
[INFO ] 2023-07-30 07:33:40.443 [main] TC_001_AccountRegistrationTest - ****dropdown list selected******
[INFO ] 2023-07-30 07:33:41.285 [main] TC_001_AccountRegistrationTest - ****craet button clicked******
[INFO ] 2023-07-30 07:33:44.596 [main] TC_001_AccountRegistrationTest - ****comparizion started******
[INFO ] 2023-07-30 08:10:39.043 [main] TC_001_AccountRegistrationTest - ****Accont registartion started******
[INFO ] 2023-07-30 08:10:41.760 [main] TC_001_AccountRegistrationTest - ****Accont craetion page started******
[INFO ] 2023-07-30 08:10:45.125 [main] TC_001_AccountRegistrationTest - ****dropdown list selected******
[INFO ] 2023-07-30 08:10:46.073 [main] TC_001_AccountRegistrationTest - ****craet button clicked******
[INFO ] 2023-07-30 08:10:49.128 [main] TC_001_AccountRegistrationTest - ****comparizion started******
[INFO ] 2023-07-30 08:10:49.204 [main] TC_001_AccountRegistrationTest - ****Account creation is done******
[INFO ] 2023-07-30 08:34:21.686 [main] TC_001_AccountRegistrationTest - ****Accont registartion started******
[INFO ] 2023-07-30 08:36:32.168 [main] TC_001_AccountRegistrationTest - ****Accont registartion started******
[INFO ] 2023-07-30 08:36:33.599 [main] TC_001_AccountRegistrationTest - ****Accont craetion page started******
[INFO ] 2023-07-30 08:36:36.782 [main] TC_001_AccountRegistrationTest - ****dropdown list selected******
[INFO ] 2023-07-30 08:36:37.629 [main] TC_001_AccountRegistrationTest - ****craet button clicked******
[INFO ] 2023-07-30 08:36:40.471 [main] TC_001_AccountRegistrationTest - ****comparizion started******
[INFO ] 2023-07-30 08:36:40.548 [main] TC_001_AccountRegistrationTest - ****Account creation is done******
[INFO ] 2023-07-30 08:40:58.936 [main] TC_001_AccountRegistrationTest - ****Accont registartion started******
[INFO ] 2023-07-30 08:41:01.606 [main] TC_001_AccountRegistrationTest - ****Accont craetion page started******
[INFO ] 2023-07-30 08:41:04.765 [main] TC_001_AccountRegistrationTest - ****dropdown list selected******
[INFO ] 2023-07-30 08:41:05.774 [main] TC_001_AccountRegistrationTest - ****craet button clicked******
[INFO ] 2023-07-30 08:41:08.067 [main] TC_001_AccountRegistrationTest - ****comparizion started******
[INFO ] 2023-07-30 08:41:08.161 [main] TC_001_AccountRegistrationTest - ****Account creation is done******
[INFO ] 2023-07-30 09:10:32.043 [main] TC_001_AccountRegistrationTest - ****Accont registartion started******
[INFO ] 2023-07-30 09:10:35.855 [main] TC_001_AccountRegistrationTest - ****Accont craetion page started******
[INFO ] 2023-07-30 09:10:39.502 [main] TC_001_AccountRegistrationTest - ****dropdown list selected******
[INFO ] 2023-07-30 09:10:40.514 [main] TC_001_AccountRegistrationTest - ****craet button clicked******
[INFO ] 2023-07-30 09:10:43.581 [main] TC_001_AccountRegistrationTest - ****comparizion started******
[INFO ] 2023-07-30 09:10:43.672 [main] TC_001_AccountRegistrationTest - ****Account creation is done******
